\BOOKMARK [1][]{section.1}{\376\377\0001\000\040\000T\000H\000\324\000N\000G\000\040\000T\000I\000N\000\040\000N\000H\000\323\000M\000\040\000V\000\300\000\040\000P\000H\000\302\000N\000\040\000C\000\324\000N\000G\000\040\000C\000\324\000N\000G\000\040\000V\000I\036\306\000C}{}% 1
\BOOKMARK [2][]{subsection.1.1}{\376\377\0001\000.\0001\000\040\000T\000h\000\364\000n\000g\000\040\000t\000i\000n\000\040\000c\000\341\000c\000\040\000t\000h\000\340\000n\000h\000\040\000v\000i\000\352\000n}{section.1}% 2
\BOOKMARK [2][]{subsection.1.2}{\376\377\0001\000.\0002\000\040\000P\000h\000\342\000n\000\040\000c\000\364\000n\000g\000\040\000c\000\364\000n\000g\000\040\000v\000i\036\307\000c\000\040\000c\000h\000i\000\040\000t\000i\036\277\000t}{section.1}% 3
\BOOKMARK [1][]{section.2}{\376\377\0002\000\040\000T\000\323\000M\000\040\000T\036\256\000T\000\040\001\020\000I\036\300\000U\000\040\000H\000\300\000N\000H}{}% 4
\BOOKMARK [1][]{section.3}{\376\377\0003\000\040\000P\000H\036\246\000N\000\040\0001\000:\000\040\000T\000I\036\300\000N\000\040\000X\036\354\000\040\000L\000\335\000\040\000D\036\356\000\040\000L\000I\036\306\000U\000\040\036\242\000N\000H\000\040\000S\036\320}{}% 5
\BOOKMARK [2][]{subsection.3.1}{\376\377\0003\000.\0001\000\040\000M\000\364\000\040\000t\036\243\000\040\000t\036\255\000p\000\040\000d\036\357\000\040\000l\000i\036\307\000u}{section.3}% 6
\BOOKMARK [2][]{subsection.3.2}{\376\377\0003\000.\0002\000\040\000P\000h\000\342\000n\000\040\000t\000\355\000c\000h\000\040\000t\000h\036\321\000n\000g\000\040\000k\000\352\000\040\000t\036\255\000p\000\040\000d\036\357\000\040\000l\000i\036\307\000u\000\040\000\050\000E\000D\000A\000\051}{section.3}% 7
\BOOKMARK [3][]{subsubsection.3.2.1}{\376\377\0003\000.\0002\000.\0001\000\040\000P\000h\000\342\000n\000\040\000p\000h\036\321\000i\000\040\000g\000i\000\341\000\040\000t\000r\036\313\000\040\000p\000i\000x\000e\000l}{subsection.3.2}% 8
\BOOKMARK [3][]{subsubsection.3.2.2}{\376\377\0003\000.\0002\000.\0002\000\040\000P\000h\000\342\000n\000\040\000t\000\355\000c\000h\000\040\000c\000\342\000n\000\040\000b\036\261\000n\000g\000\040\000l\036\333\000p\000\040\000\050\000C\000l\000a\000s\000s\000\040\000I\000m\000b\000a\000l\000a\000n\000c\000e\000\051}{subsection.3.2}% 9
\BOOKMARK [3][]{subsubsection.3.2.3}{\376\377\0003\000.\0002\000.\0003\000\040\000P\000h\000\341\000t\000\040\000h\000i\036\307\000n\000\040\036\243\000n\000h\000\040\000t\000r\000\371\000n\000g\000\040\000l\036\267\000p\000\040\000\050\000D\000u\000p\000l\000i\000c\000a\000t\000e\000\040\000D\000e\000t\000e\000c\000t\000i\000o\000n\000\051}{subsection.3.2}% 10
\BOOKMARK [3][]{subsubsection.3.2.4}{\376\377\0003\000.\0002\000.\0004\000\040\000P\000h\000\342\000n\000\040\000t\000\355\000c\000h\000\040\001\021\036\331\000\040\000s\000\341\000n\000g\000\040\000v\000\340\000\040\001\021\036\331\000\040\000t\001\260\001\241\000n\000g\000\040\000p\000h\036\243\000n}{subsection.3.2}% 11
\BOOKMARK [2][]{subsection.3.3}{\376\377\0003\000.\0003\000\040\000C\000\341\000c\000\040\000k\036\371\000\040\000t\000h\000u\036\255\000t\000\040\000t\000i\036\301\000n\000\040\000x\036\355\000\040\000l\000\375\000\040\000v\000\340\000\040\000p\000h\000\342\000n\000\040\000t\000\355\000c\000h\000\040\000t\000\341\000c\000\040\001\021\036\331\000n\000g}{section.3}% 12
\BOOKMARK [3][]{subsubsection.3.3.1}{\376\377\0003\000.\0003\000.\0001\000\040\000T\000h\000a\000y\000\040\001\021\036\325\000i\000\040\000k\000\355\000c\000h\000\040\000t\000h\001\260\036\333\000c\000\040\036\243\000n\000h\000\040\000\050\000R\000e\000s\000i\000z\000e\000\040\000A\000b\000l\000a\000t\000i\000o\000n\000\051}{subsection.3.3}% 13
\BOOKMARK [3][]{subsubsection.3.3.2}{\376\377\0003\000.\0003\000.\0002\000\040\000C\000h\000u\000y\036\303\000n\000\040\001\021\036\325\000i\000\040\000k\000h\000\364\000n\000g\000\040\000g\000i\000a\000n\000\040\000m\000\340\000u\000\040\000\050\000C\000o\000l\000o\000r\000\040\000S\000p\000a\000c\000e\000\040\000A\000b\000l\000a\000t\000i\000o\000n\000\051}{subsection.3.3}% 14
\BOOKMARK [3][]{subsubsection.3.3.3}{\376\377\0003\000.\0003\000.\0003\000\040\000C\000h\000u\036\251\000n\000\040\000h\000\363\000a\000\040\000d\036\357\000\040\000l\000i\036\307\000u\000\040\000\050\000N\000o\000r\000m\000a\000l\000i\000z\000a\000t\000i\000o\000n\000\040\000A\000b\000l\000a\000t\000i\000o\000n\000\051}{subsection.3.3}% 15
\BOOKMARK [3][]{subsubsection.3.3.4}{\376\377\0003\000.\0003\000.\0004\000\040\000T\001\003\000n\000g\000\040\000c\001\260\036\335\000n\000g\000\040\000d\036\357\000\040\000l\000i\036\307\000u\000\040\000\050\000D\000a\000t\000a\000\040\000A\000u\000g\000m\000e\000n\000t\000a\000t\000i\000o\000n\000\051}{subsection.3.3}% 16
\BOOKMARK [2][]{subsection.3.4}{\376\377\0003\000.\0004\000\040\000P\000h\000\342\000n\000\040\000t\000\355\000c\000h\000\040\000n\000\342\000n\000g\000\040\000c\000a\000o}{section.3}% 17
\BOOKMARK [3][]{subsubsection.3.4.1}{\376\377\0003\000.\0004\000.\0001\000\040\000P\000h\000\342\000n\000\040\000t\000\355\000c\000h\000\040\000P\000C\000A\000\040\000t\000r\000\352\000n\000\040\000k\000h\000\364\000n\000g\000\040\000g\000i\000a\000n\000\040\001\021\036\267\000c\000\040\000t\000r\001\260\000n\000g\000\040\036\243\000n\000h}{subsection.3.4}% 18
\BOOKMARK [3][]{subsubsection.3.4.2}{\376\377\0003\000.\0004\000.\0002\000\040\000P\000h\000\341\000t\000\040\000h\000i\036\307\000n\000\040\000c\036\241\000n\000h\000\040\000v\000\340\000\040\000p\000h\000\342\000n\000\040\000t\000\355\000c\000h\000\040\001\021\036\267\000c\000\040\000t\000r\001\260\000n\000g\000\040\000c\036\345\000c\000\040\000b\036\331}{subsection.3.4}% 19
\BOOKMARK [1][]{section.4}{\376\377\0004\000\040\000P\000H\036\246\000N\000\040\0002\000:\000\040\000T\000I\036\300\000N\000\040\000X\036\354\000\040\000L\000\335\000\040\000D\036\356\000\040\000L\000I\036\306\000U\000\040\000D\036\240\000N\000G\000\040\000B\036\242\000N\000G}{}% 20
\BOOKMARK [2][]{subsection.4.1}{\376\377\0004\000.\0001\000\040\000M\000\364\000\040\000t\036\243\000\040\000t\036\255\000p\000\040\000d\036\357\000\040\000l\000i\036\307\000u}{section.4}% 21
\BOOKMARK [2][]{subsection.4.2}{\376\377\0004\000.\0002\000\040\000P\000h\000\342\000n\000\040\000t\000\355\000c\000h\000\040\000t\000h\036\321\000n\000g\000\040\000k\000\352\000\040\000k\000h\000\341\000m\000\040\000p\000h\000\341\000\040\000\050\000E\000D\000A\000\051}{section.4}% 22
\BOOKMARK [3][]{subsubsection.4.2.1}{\376\377\0004\000.\0002\000.\0001\000\040\000K\000i\036\303\000m\000\040\000t\000r\000a\000\040\000p\000h\000\342\000n\000\040\000p\000h\036\321\000i\000\040\000\050\000N\000o\000r\000m\000a\000l\000i\000t\000y\000\040\000T\000e\000s\000t\000s\000\051}{subsection.4.2}% 23
\BOOKMARK [3][]{subsubsection.4.2.2}{\376\377\0004\000.\0002\000.\0002\000\040\000P\000h\000\342\000n\000\040\000t\000\355\000c\000h\000\040\000t\001\260\001\241\000n\000g\000\040\000q\000u\000a\000n\000\040\001\021\000a\000\040\000b\000i\036\277\000n}{subsection.4.2}% 24
\BOOKMARK [3][]{subsubsection.4.2.3}{\376\377\0004\000.\0002\000.\0003\000\040\000P\000h\000\342\000n\000\040\000t\000\355\000c\000h\000\040\000g\000i\000\341\000\040\000t\000r\036\313\000\040\000t\000h\000i\036\277\000u}{subsection.4.2}% 25
\BOOKMARK [2][]{subsection.4.3}{\376\377\0004\000.\0003\000\040\000C\000\341\000c\000\040\000k\036\371\000\040\000t\000h\000u\036\255\000t\000\040\000t\000i\036\301\000n\000\040\000x\036\355\000\040\000l\000\375\000\040\000v\000\340\000\040\001\021\000\341\000n\000h\000\040\000g\000i\000\341\000\040\001\021\036\313\000n\000h\000\040\000l\001\260\036\343\000n\000g}{section.4}% 26
\BOOKMARK [3][]{subsubsection.4.3.1}{\376\377\0004\000.\0003\000.\0001\000\040\000X\036\355\000\040\000l\000\375\000\040\000g\000i\000\341\000\040\000t\000r\036\313\000\040\000t\000h\000i\036\277\000u\000\040\000\050\000I\000m\000p\000u\000t\000a\000t\000i\000o\000n\000\051}{subsection.4.3}% 27
\BOOKMARK [3][]{subsubsection.4.3.2}{\376\377\0004\000.\0003\000.\0002\000\040\000P\000h\000\341\000t\000\040\000h\000i\036\307\000n\000\040\000v\000\340\000\040\000x\036\355\000\040\000l\000\375\000\040\000n\000g\000o\036\241\000i\000\040\000l\000a\000i\000\040\000\050\000O\000u\000t\000l\000i\000e\000r\000\040\000D\000e\000t\000e\000c\000t\000i\000o\000n\000\051}{subsection.4.3}% 28
\BOOKMARK [3][]{subsubsection.4.3.3}{\376\377\0004\000.\0003\000.\0003\000\040\000C\000h\000u\036\251\000n\000\040\000h\000\363\000a\000\040\000d\036\357\000\040\000l\000i\036\307\000u\000\040\000\050\000S\000c\000a\000l\000i\000n\000g\000\051}{subsection.4.3}% 29
\BOOKMARK [3][]{subsubsection.4.3.4}{\376\377\0004\000.\0003\000.\0004\000\040\000M\000\343\000\040\000h\000\363\000a\000\040\000b\000i\036\277\000n\000\040\000p\000h\000\342\000n\000\040\000l\000o\036\241\000i\000\040\000\050\000C\000a\000t\000e\000g\000o\000r\000i\000c\000a\000l\000\040\000E\000n\000c\000o\000d\000i\000n\000g\000\051}{subsection.4.3}% 30
\BOOKMARK [3][]{subsubsection.4.3.5}{\376\377\0004\000.\0003\000.\0005\000\040\000L\036\361\000a\000\040\000c\000h\036\315\000n\000\040\000v\000\340\000\040\000g\000i\036\243\000m\000\040\000c\000h\000i\036\301\000u\000\040\001\021\036\267\000c\000\040\000t\000r\001\260\000n\000g\000\040\000\050\000F\000e\000a\000t\000u\000r\000e\000\040\000S\000e\000l\000e\000c\000t\000i\000o\000n\000\051}{subsection.4.3}% 31
\BOOKMARK [3][]{subsubsection.4.3.6}{\376\377\0004\000.\0003\000.\0006\000\040\000X\036\355\000\040\000l\000\375\000\040\000m\036\245\000t\000\040\000c\000\342\000n\000\040\000b\036\261\000n\000g\000\040\000l\036\333\000p\000\040\000\050\000C\000l\000a\000s\000s\000\040\000I\000m\000b\000a\000l\000a\000n\000c\000e\000\051}{subsection.4.3}% 32
\BOOKMARK [1][]{section.5}{\376\377\0005\000\040\000P\000H\036\246\000N\000\040\0003\000:\000\040\000T\000I\036\300\000N\000\040\000X\036\354\000\040\000L\000\335\000\040\000D\036\356\000\040\000L\000I\036\306\000U\000\040\000V\001\002\000N\000\040\000B\036\242\000N}{}% 33
\BOOKMARK [2][]{subsection.5.1}{\376\377\0005\000.\0001\000\040\000M\000\364\000\040\000t\036\243\000\040\000t\036\255\000p\000\040\000d\036\357\000\040\000l\000i\036\307\000u}{section.5}% 34
\BOOKMARK [2][]{subsection.5.2}{\376\377\0005\000.\0002\000\040\000P\000h\000\342\000n\000\040\000t\000\355\000c\000h\000\040\000t\000h\036\321\000n\000g\000\040\000k\000\352\000\040\000v\001\003\000n\000\040\000b\036\243\000n\000\040\000\050\000T\000e\000x\000t\000\040\000E\000D\000A\000\051}{section.5}% 35
\BOOKMARK [3][]{subsubsection.5.2.1}{\376\377\0005\000.\0002\000.\0001\000\040\000P\000h\000\342\000n\000\040\000p\000h\036\321\000i\000\040\001\021\036\331\000\040\000d\000\340\000i\000\040\000v\001\003\000n\000\040\000b\036\243\000n}{subsection.5.2}% 36
\BOOKMARK [3][]{subsubsection.5.2.2}{\376\377\0005\000.\0002\000.\0002\000\040\000W\000o\000r\000d\000\040\000C\000l\000o\000u\000d\000\040\000v\000\340\000\040\000T\000y\000p\000e\000-\000T\000o\000k\000e\000n\000\040\000R\000a\000t\000i\000o}{subsection.5.2}% 37
\BOOKMARK [3][]{subsubsection.5.2.3}{\376\377\0005\000.\0002\000.\0003\000\040\000P\000h\000\342\000n\000\040\000t\000\355\000c\000h\000\040\000p\000h\000\342\000n\000\040\000p\000h\036\321\000i\000\040\000Z\000i\000p\000f}{subsection.5.2}% 38
\BOOKMARK [2][]{subsection.5.3}{\376\377\0005\000.\0003\000\040\000C\000\341\000c\000\040\000k\036\371\000\040\000t\000h\000u\036\255\000t\000\040\000t\000i\036\301\000n\000\040\000x\036\355\000\040\000l\000\375\000\040\000v\000\340\000\040\000p\000h\000\342\000n\000\040\000t\000\355\000c\000h\000\040\000t\000\341\000c\000\040\001\021\036\331\000n\000g}{section.5}% 39
\BOOKMARK [3][]{subsubsection.5.3.1}{\376\377\0005\000.\0003\000.\0001\000\040\000P\000i\000p\000e\000l\000i\000n\000e\000\040\000c\000h\000u\036\251\000n\000\040\000h\000\363\000a\000\040\000v\001\003\000n\000\040\000b\036\243\000n\000\040\000\050\0009\000\040\000b\001\260\036\333\000c\000\051}{subsection.5.3}% 40
\BOOKMARK [3][]{subsubsection.5.3.2}{\376\377\0005\000.\0003\000.\0002\000\040\000S\000o\000\040\000s\000\341\000n\000h\000\040\000c\000h\000i\036\277\000n\000\040\000l\001\260\036\343\000c\000\040\000T\000o\000k\000e\000n\000i\000z\000a\000t\000i\000o\000n}{subsection.5.3}% 41
\BOOKMARK [3][]{subsubsection.5.3.3}{\376\377\0005\000.\0003\000.\0003\000\040\000L\000o\036\241\000i\000\040\000b\036\317\000\040\000S\000t\000o\000p\000\040\000W\000o\000r\000d\000s\000\040\000v\000\340\000\040\000P\000h\000\342\000n\000\040\000t\000\355\000c\000h\000\040\000t\000h\000\364\000n\000g\000\040\000t\000i\000n}{subsection.5.3}% 42
\BOOKMARK [3][]{subsubsection.5.3.4}{\376\377\0005\000.\0003\000.\0004\000\040\000S\000t\000e\000m\000m\000i\000n\000g\000,\000\040\000L\000e\000m\000m\000a\000t\000i\000z\000a\000t\000i\000o\000n\000\040\000v\000\340\000\040\000S\000o\000\040\000s\000\341\000n\000h\000\040\001\021\036\313\000n\000h\000\040\000l\001\260\036\343\000n\000g}{subsection.5.3}% 43
\BOOKMARK [3][]{subsubsection.5.3.5}{\376\377\0005\000.\0003\000.\0005\000\040\000V\000e\000c\000t\000o\000r\000\040\000h\000\363\000a\000\040\000v\001\003\000n\000\040\000b\036\243\000n\000\040\000v\000\340\000\040\000p\000h\000\342\000n\000\040\000t\000\355\000c\000h\000\040\000k\000h\000\364\000n\000g\000\040\000g\000i\000a\000n\000\040\001\021\036\267\000c\000\040\000t\000r\001\260\000n\000g}{subsection.5.3}% 44
\BOOKMARK [3][]{subsubsection.5.3.6}{\376\377\0005\000.\0003\000.\0006\000\040\000[\000N\000\342\000n\000g\000\040\000c\000a\000o\000]\000\040\000B\000i\036\303\000u\000\040\000d\000i\036\305\000n\000\040\000n\000g\036\357\000\040\000n\000g\000h\001\051\000a\000\040\000b\036\261\000n\000g\000\040\000S\000e\000n\000t\000e\000n\000c\000e\000\040\000T\000r\000a\000n\000s\000f\000o\000r\000m\000e\000r}{subsection.5.3}% 45
\BOOKMARK [2][]{subsection.5.4}{\376\377\0005\000.\0004\000\040\000B\036\243\000n\000g\000\040\000x\036\277\000p\000\040\000h\036\241\000n\000g\000\040\000p\000h\000\342\000n\000\040\000l\000o\036\241\000i\000\040\000c\000u\036\321\000i\000\040\000c\000\371\000n\000g}{section.5}% 46
\BOOKMARK [1][]{section.6}{\376\377\0006\000\040\000P\000H\000\302\000N\000\040\000T\000\315\000C\000H\000\040\000S\000O\000\040\000S\000\301\000N\000H\000\040\000T\036\324\000N\000G\000\040\000H\036\342\000P}{}% 47
\BOOKMARK [2][]{subsection.6.1}{\376\377\0006\000.\0001\000\040\000T\036\325\000n\000g\000\040\000h\036\343\000p\000\040\000k\000i\036\303\000m\000\040\001\021\036\313\000n\000h\000\040\000t\000h\036\321\000n\000g\000\040\000k\000\352}{section.6}% 48
\BOOKMARK [2][]{subsection.6.2}{\376\377\0006\000.\0002\000\040\000T\036\325\000n\000g\000\040\000h\036\343\000p\000\040\000l\036\361\000a\000\040\000c\000h\036\315\000n\000\040\000p\000i\000p\000e\000l\000i\000n\000e}{section.6}% 49
\BOOKMARK [2][]{subsection.6.3}{\376\377\0006\000.\0003\000\040\000T\036\325\000n\000g\000\040\000h\036\343\000p\000\040\000k\036\277\000t\000\040\000q\000u\036\243\000\040\000N\000\342\000n\000g\000\040\000c\000a\000o}{section.6}% 50
\BOOKMARK [2][]{subsection.6.4}{\376\377\0006\000.\0004\000\040\000T\000h\036\243\000o\000\040\000l\000u\036\255\000n}{section.6}% 51
\BOOKMARK [1][]{section.7}{\376\377\0007\000\040\000K\036\276\000T\000\040\000L\000U\036\254\000N}{}% 52
\BOOKMARK [1][]{section.7}{\376\377\000T\000\300\000I\000\040\000L\000I\036\306\000U\000\040\000T\000H\000A\000M\000\040\000K\000H\036\242\000O}{}% 53
